[0m17:05:45.228845 [debug] [MainThread]: Sending event: {'category': 'dbt', 'action': 'invocation', 'label': 'start', 'context': [<snowplow_tracker.self_describing_json.SelfDescribingJson object at 0x000001EDEF654E00>, <snowplow_tracker.self_describing_json.SelfDescribingJson object at 0x000001EDF22FD3D0>, <snowplow_tracker.self_describing_json.SelfDescribingJson object at 0x000001EDF11A5C40>]}


============================== 17:05:45.228845 | b9ed1d29-f4ed-469c-bcb5-9efe7f6a8e72 ==============================
[0m17:05:45.228845 [info ] [MainThread]: Running with dbt=1.11.7
[0m17:05:45.228845 [debug] [MainThread]: running dbt with arguments {'static_parser': 'True', 'no_print': 'None', 'version_check': 'True', 'target_path': 'None', 'warn_error_options': 'WarnErrorOptionsV2(error=[], warn=[], silence=[])', 'printer_width': '80', 'write_json': 'True', 'introspect': 'True', 'log_cache_events': 'False', 'empty': 'None', 'cache_selected_only': 'False', 'fail_fast': 'False', 'debug': 'False', 'log_format': 'default', 'partial_parse': 'True', 'send_anonymous_usage_stats': 'True', 'quiet': 'False', 'warn_error': 'None', 'profiles_dir': 'C:\\Users\\ivanm\\.dbt', 'indirect_selection': 'eager', 'invocation_command': 'dbt init retail_pulse', 'use_colors': 'True', 'use_experimental_parser': 'False', 'log_path': 'logs'}
[0m17:05:45.265119 [debug] [MainThread]: Starter project path: C:\Users\ivanm\OneDrive\Documentos\retail-pulse-analytics\venv\Lib\site-packages\dbt\include\starter_project
[0m17:05:45.294213 [info ] [MainThread]: 
Your new dbt project "retail_pulse" was created!

For more information on how to configure the profiles.yml file,
please consult the dbt documentation here:

  https://docs.getdbt.com/docs/configure-your-profile

One more thing:

Need help? Don't hesitate to reach out to us via GitHub issues or on Slack:

  https://community.getdbt.com/

Happy modeling!

[0m17:05:45.294213 [info ] [MainThread]: Setting up your profile.
[0m17:07:54.572971 [info ] [MainThread]: Profile retail_pulse written to C:\Users\ivanm\.dbt\profiles.yml using target's profile_template.yml and your supplied values. Run 'dbt debug' to validate the connection.
[0m17:07:54.572971 [debug] [MainThread]: Command `dbt init` succeeded at 17:07:54.572971 after 129.53 seconds
[0m17:07:54.572971 [debug] [MainThread]: Sending event: {'category': 'dbt', 'action': 'invocation', 'label': 'end', 'context': [<snowplow_tracker.self_describing_json.SelfDescribingJson object at 0x000001EDF3F888C0>, <snowplow_tracker.self_describing_json.SelfDescribingJson object at 0x000001EDF43E2690>, <snowplow_tracker.self_describing_json.SelfDescribingJson object at 0x000001EDF1DE2D50>]}
[0m17:07:54.572971 [debug] [MainThread]: Flushing usage events
[0m17:07:55.370294 [debug] [MainThread]: An error was encountered while trying to flush usage events
[0m17:08:06.874498 [debug] [MainThread]: Sending event: {'category': 'dbt', 'action': 'invocation', 'label': 'start', 'context': [<snowplow_tracker.self_describing_json.SelfDescribingJson object at 0x0000020F06929610>, <snowplow_tracker.self_describing_json.SelfDescribingJson object at 0x0000020F0668EE10>, <snowplow_tracker.self_describing_json.SelfDescribingJson object at 0x0000020F040C20F0>]}


============================== 17:08:06.890269 | d5c4a336-8d8b-4132-a208-88a42ca59343 ==============================
[0m17:08:06.890269 [info ] [MainThread]: Running with dbt=1.11.7
[0m17:08:06.890269 [debug] [MainThread]: running dbt with arguments {'static_parser': 'True', 'no_print': 'None', 'version_check': 'True', 'target_path': 'None', 'warn_error_options': 'WarnErrorOptionsV2(error=[], warn=[], silence=[])', 'printer_width': '80', 'write_json': 'True', 'empty': 'None', 'log_cache_events': 'False', 'introspect': 'True', 'cache_selected_only': 'False', 'log_format': 'default', 'debug': 'False', 'fail_fast': 'False', 'profiles_dir': 'C:\\Users\\ivanm\\.dbt', 'send_anonymous_usage_stats': 'True', 'quiet': 'False', 'warn_error': 'None', 'partial_parse': 'True', 'use_colors': 'True', 'invocation_command': 'dbt debug', 'indirect_selection': 'eager', 'use_experimental_parser': 'False', 'log_path': 'logs'}
[0m17:08:06.918682 [info ] [MainThread]: dbt version: 1.11.7
[0m17:08:06.919687 [info ] [MainThread]: python version: 3.12.9
[0m17:08:06.920248 [info ] [MainThread]: python path: C:\Users\ivanm\OneDrive\Documentos\retail-pulse-analytics\venv\Scripts\python.exe
[0m17:08:06.920248 [info ] [MainThread]: os info: Windows-11-10.0.26200-SP0
[0m17:08:06.920248 [info ] [MainThread]: Error importing adapter: No module named 'dbt.adapters.bigquery'
[0m17:08:07.193499 [info ] [MainThread]: Using profiles dir at C:\Users\ivanm\.dbt
[0m17:08:07.193499 [info ] [MainThread]: Using profiles.yml file at C:\Users\ivanm\.dbt\profiles.yml
[0m17:08:07.193499 [info ] [MainThread]: Using dbt_project.yml file at C:\Users\ivanm\OneDrive\Documentos\retail-pulse-analytics\dbt\dbt_project.yml
[0m17:08:07.193499 [info ] [MainThread]: Configuration:
[0m17:08:07.193499 [info ] [MainThread]:   profiles.yml file [[31mERROR invalid[0m]
[0m17:08:07.193499 [info ] [MainThread]:   dbt_project.yml file [[31mERROR not found[0m]
[0m17:08:07.193499 [info ] [MainThread]: Required dependencies:
[0m17:08:07.193499 [debug] [MainThread]: Executing "git --help"
[0m17:08:07.226089 [debug] [MainThread]: STDOUT: "b"usage: git [-v | --version] [-h | --help] [-C <path>] [-c <name>=<value>]\n           [--exec-path[=<path>]] [--html-path] [--man-path] [--info-path]\n           [-p | --paginate | -P | --no-pager] [--no-replace-objects] [--no-lazy-fetch]\n           [--no-optional-locks] [--no-advice] [--bare] [--git-dir=<path>]\n           [--work-tree=<path>] [--namespace=<name>] [--config-env=<name>=<envvar>]\n           <command> [<args>]\n\nThese are common Git commands used in various situations:\n\nstart a working area (see also: git help tutorial)\n   clone      Clone a repository into a new directory\n   init       Create an empty Git repository or reinitialize an existing one\n\nwork on the current change (see also: git help everyday)\n   add        Add file contents to the index\n   mv         Move or rename a file, a directory, or a symlink\n   restore    Restore working tree files\n   rm         Remove files from the working tree and from the index\n\nexamine the history and state (see also: git help revisions)\n   bisect     Use binary search to find the commit that introduced a bug\n   diff       Show changes between commits, commit and working tree, etc\n   grep       Print lines matching a pattern\n   log        Show commit logs\n   show       Show various types of objects\n   status     Show the working tree status\n\ngrow, mark and tweak your common history\n   backfill   Download missing objects in a partial clone\n   branch     List, create, or delete branches\n   commit     Record changes to the repository\n   merge      Join two or more development histories together\n   rebase     Reapply commits on top of another base tip\n   reset      Set `HEAD` or the index to a known state\n   switch     Switch branches\n   tag        Create, list, delete or verify tags\n\ncollaborate (see also: git help workflows)\n   fetch      Download objects and refs from another repository\n   pull       Fetch from and integrate with another repository or a local branch\n   push       Update remote refs along with associated objects\n\n'git help -a' and 'git help -g' list available subcommands and some\nconcept guides. See 'git help <command>' or 'git help <concept>'\nto read about a specific subcommand or concept.\nSee 'git help git' for an overview of the system.\n""
[0m17:08:07.226089 [debug] [MainThread]: STDERR: "b''"
[0m17:08:07.226089 [info ] [MainThread]:  - git [[32mOK found[0m]

[0m17:08:07.226089 [info ] [MainThread]: Connection test skipped since no profile was found
[0m17:08:07.226089 [info ] [MainThread]: [31m2 checks failed:[0m
[0m17:08:07.226089 [info ] [MainThread]: Could not load dbt_project.yml
Profile loading failed for the following reason:
Runtime Error
  Credentials in profile "product_funnel_dbt", target "dev" invalid: Runtime Error
    Could not find adapter type bigquery!

Runtime Error
  Credentials in profile "retail_pulse", target "dev" invalid: 'schema' is a required property


[0m17:08:07.226089 [info ] [MainThread]: Project loading failed for the following reason:
 project path <C:\Users\ivanm\OneDrive\Documentos\retail-pulse-analytics\dbt\dbt_project.yml> not found

[0m17:08:07.232074 [debug] [MainThread]: Command `dbt debug` failed at 17:08:07.226089 after 0.48 seconds
[0m17:08:07.232074 [debug] [MainThread]: Sending event: {'category': 'dbt', 'action': 'invocation', 'label': 'end', 'context': [<snowplow_tracker.self_describing_json.SelfDescribingJson object at 0x0000020F065F5550>, <snowplow_tracker.self_describing_json.SelfDescribingJson object at 0x0000020F0841CB00>, <snowplow_tracker.self_describing_json.SelfDescribingJson object at 0x0000020F06C12A50>]}
[0m17:08:07.233106 [debug] [MainThread]: Flushing usage events
[0m17:08:07.831954 [debug] [MainThread]: An error was encountered while trying to flush usage events
